<?xml version="1.0" encoding="UTF-8"?>
<!-- Generated by org.testng.reporters.JUnitXMLReporter -->
<testsuite ignored="0" hostname="DESKTOP-5DS53NE" failures="1" tests="4" name="Test" time="25.958" errors="0" timestamp="2022-05-31T23:04:12 IST">
  <testcase classname="SauceDemoTestNGAnnotations.TC03FilterValidation" name="filter" time="0.27"/>
  <testcase classname="SauceDemoTestNGAnnotations.TC02AddToCartValidation" name="addToCart" time="0.185"/>
  <testcase classname="SauceDemoTestNGAnnotations.TC1LoginFunctionality" name="loginFunction" time="0.0">
    <failure type="java.lang.Error" message="Unresolved compilation problem: 
	expected cannot be resolved to a variable
">
      <![CDATA[java.lang.Error: Unresolved compilation problem: 
expected cannot be resolved to a variable

at SauceDemoTestNGAnnotations.TC1LoginFunctionality.loginFunction(TC1LoginFunctionality.java:16)
at java.base/java.util.concurrent.ThreadPoolExecutor.runWorker(ThreadPoolExecutor.java:1136)
at java.base/java.util.concurrent.ThreadPoolExecutor$Worker.run(ThreadPoolExecutor.java:635)
at java.base/java.lang.Thread.run(Thread.java:833)
... Removed 12 stack frames]]>
    </failure>
  </testcase> <!-- loginFunction -->
  <testcase classname="SauceDemoTestNGAnnotations.TC04SelectProduct" name="selectProduct" time="3.434"/>
</testsuite> <!-- Test -->
