<?xml version="1.0" encoding="UTF-8"?>
<testng-results ignored="0" total="4" passed="3" failed="1" skipped="0">
  <reporter-output>
  </reporter-output>
  <suite started-at="2022-05-31T23:03:46 IST" name="Suite" finished-at="2022-05-31T23:04:12 IST" duration-ms="25958">
    <groups>
    </groups>
    <test started-at="2022-05-31T23:03:46 IST" name="Test" finished-at="2022-05-31T23:04:12 IST" duration-ms="25958">
      <class name="SauceDemoTestNGAnnotations.TC1LoginFunctionality">
        <test-method is-config="true" signature="setBrowser()[pri:0, instance:SauceDemoTestNGAnnotations.TC1LoginFunctionality@5fdcaa40]" started-at="2022-05-31T23:03:46 IST" name="setBrowser" finished-at="2022-05-31T23:03:58 IST" duration-ms="11758" status="PASS">
          <reporter-output>
          </reporter-output>
        </test-method> <!-- setBrowser -->
        <test-method is-config="true" signature="logineMethod()[pri:0, instance:SauceDemoTestNGAnnotations.TC1LoginFunctionality@5fdcaa40]" started-at="2022-05-31T23:03:58 IST" name="logineMethod" finished-at="2022-05-31T23:04:04 IST" duration-ms="5775" status="PASS">
          <reporter-output>
          </reporter-output>
        </test-method> <!-- logineMethod -->
        <test-method signature="loginFunction()[pri:0, instance:SauceDemoTestNGAnnotations.TC1LoginFunctionality@5fdcaa40]" started-at="2022-05-31T23:04:04 IST" name="loginFunction" finished-at="2022-05-31T23:04:04 IST" duration-ms="0" status="FAIL">
          <exception class="java.lang.Error">
            <message>
              <![CDATA[Unresolved compilation problem: 
expected cannot be resolved to a variable
]]>
            </message>
            <full-stacktrace>
              <![CDATA[java.lang.Error: Unresolved compilation problem: 
expected cannot be resolved to a variable

at SauceDemoTestNGAnnotations.TC1LoginFunctionality.loginFunction(TC1LoginFunctionality.java:16)
at java.base/jdk.internal.reflect.NativeMethodAccessorImpl.invoke0(Native Method)
at java.base/jdk.internal.reflect.NativeMethodAccessorImpl.invoke(NativeMethodAccessorImpl.java:77)
at java.base/jdk.internal.reflect.DelegatingMethodAccessorImpl.invoke(DelegatingMethodAccessorImpl.java:43)
at java.base/java.lang.reflect.Method.invoke(Method.java:568)
at org.testng.internal.MethodInvocationHelper.invokeMethod(MethodInvocationHelper.java:133)
at org.testng.internal.TestInvoker.invokeMethod(TestInvoker.java:598)
at org.testng.internal.TestInvoker.invokeTestMethod(TestInvoker.java:173)
at org.testng.internal.MethodRunner.runInSequence(MethodRunner.java:46)
at org.testng.internal.TestInvoker$MethodInvocationAgent.invoke(TestInvoker.java:824)
at org.testng.internal.TestInvoker.invokeTestMethods(TestInvoker.java:146)
at org.testng.internal.TestMethodWorker.invokeTestMethods(TestMethodWorker.java:146)
at org.testng.internal.TestMethodWorker.run(TestMethodWorker.java:128)
at java.base/java.util.concurrent.ThreadPoolExecutor.runWorker(ThreadPoolExecutor.java:1136)
at java.base/java.util.concurrent.ThreadPoolExecutor$Worker.run(ThreadPoolExecutor.java:635)
at java.base/java.lang.Thread.run(Thread.java:833)
]]>
            </full-stacktrace>
          </exception> <!-- java.lang.Error -->
          <reporter-output>
          </reporter-output>
        </test-method> <!-- loginFunction -->
        <test-method is-config="true" signature="logout()[pri:0, instance:SauceDemoTestNGAnnotations.TC1LoginFunctionality@5fdcaa40]" started-at="2022-05-31T23:04:04 IST" name="logout" finished-at="2022-05-31T23:04:08 IST" duration-ms="4282" status="PASS">
          <reporter-output>
          </reporter-output>
        </test-method> <!-- logout -->
        <test-method is-config="true" signature="closeBrowser()[pri:0, instance:SauceDemoTestNGAnnotations.TC1LoginFunctionality@5fdcaa40]" started-at="2022-05-31T23:04:08 IST" name="closeBrowser" finished-at="2022-05-31T23:04:09 IST" duration-ms="326" status="PASS">
          <reporter-output>
          </reporter-output>
        </test-method> <!-- closeBrowser -->
      </class> <!-- SauceDemoTestNGAnnotations.TC1LoginFunctionality -->
      <class name="SauceDemoTestNGAnnotations.TC04SelectProduct">
        <test-method is-config="true" signature="setBrowser()[pri:0, instance:SauceDemoTestNGAnnotations.TC04SelectProduct@7fa98a66]" started-at="2022-05-31T23:03:46 IST" name="setBrowser" finished-at="2022-05-31T23:03:58 IST" duration-ms="12187" status="PASS">
          <reporter-output>
          </reporter-output>
        </test-method> <!-- setBrowser -->
        <test-method is-config="true" signature="logineMethod()[pri:0, instance:SauceDemoTestNGAnnotations.TC04SelectProduct@7fa98a66]" started-at="2022-05-31T23:03:58 IST" name="logineMethod" finished-at="2022-05-31T23:04:04 IST" duration-ms="5749" status="PASS">
          <reporter-output>
          </reporter-output>
        </test-method> <!-- logineMethod -->
        <test-method signature="selectProduct()[pri:0, instance:SauceDemoTestNGAnnotations.TC04SelectProduct@7fa98a66]" started-at="2022-05-31T23:04:04 IST" name="selectProduct" finished-at="2022-05-31T23:04:08 IST" duration-ms="3434" status="PASS">
          <reporter-output>
          </reporter-output>
        </test-method> <!-- selectProduct -->
        <test-method is-config="true" signature="logout()[pri:0, instance:SauceDemoTestNGAnnotations.TC04SelectProduct@7fa98a66]" started-at="2022-05-31T23:04:08 IST" name="logout" finished-at="2022-05-31T23:04:12 IST" duration-ms="4334" status="PASS">
          <reporter-output>
          </reporter-output>
        </test-method> <!-- logout -->
        <test-method is-config="true" signature="closeBrowser()[pri:0, instance:SauceDemoTestNGAnnotations.TC04SelectProduct@7fa98a66]" started-at="2022-05-31T23:04:12 IST" name="closeBrowser" finished-at="2022-05-31T23:04:12 IST" duration-ms="227" status="PASS">
          <reporter-output>
          </reporter-output>
        </test-method> <!-- closeBrowser -->
      </class> <!-- SauceDemoTestNGAnnotations.TC04SelectProduct -->
      <class name="SauceDemoTestNGAnnotations.TC03FilterValidation">
        <test-method is-config="true" signature="setBrowser()[pri:0, instance:SauceDemoTestNGAnnotations.TC03FilterValidation@7334aada]" started-at="2022-05-31T23:03:46 IST" name="setBrowser" finished-at="2022-05-31T23:03:57 IST" duration-ms="10996" status="PASS">
          <reporter-output>
          </reporter-output>
        </test-method> <!-- setBrowser -->
        <test-method is-config="true" signature="logineMethod()[pri:0, instance:SauceDemoTestNGAnnotations.TC03FilterValidation@7334aada]" started-at="2022-05-31T23:03:57 IST" name="logineMethod" finished-at="2022-05-31T23:04:03 IST" duration-ms="5641" status="PASS">
          <reporter-output>
          </reporter-output>
        </test-method> <!-- logineMethod -->
        <test-method signature="filter()[pri:0, instance:SauceDemoTestNGAnnotations.TC03FilterValidation@7334aada]" started-at="2022-05-31T23:04:03 IST" name="filter" finished-at="2022-05-31T23:04:03 IST" duration-ms="270" status="PASS">
          <reporter-output>
          </reporter-output>
        </test-method> <!-- filter -->
        <test-method is-config="true" signature="logout()[pri:0, instance:SauceDemoTestNGAnnotations.TC03FilterValidation@7334aada]" started-at="2022-05-31T23:04:03 IST" name="logout" finished-at="2022-05-31T23:04:07 IST" duration-ms="4213" status="PASS">
          <reporter-output>
          </reporter-output>
        </test-method> <!-- logout -->
        <test-method is-config="true" signature="closeBrowser()[pri:0, instance:SauceDemoTestNGAnnotations.TC03FilterValidation@7334aada]" started-at="2022-05-31T23:04:07 IST" name="closeBrowser" finished-at="2022-05-31T23:04:08 IST" duration-ms="257" status="PASS">
          <reporter-output>
          </reporter-output>
        </test-method> <!-- closeBrowser -->
      </class> <!-- SauceDemoTestNGAnnotations.TC03FilterValidation -->
      <class name="SauceDemoTestNGAnnotations.TC02AddToCartValidation">
        <test-method is-config="true" signature="setBrowser()[pri:0, instance:SauceDemoTestNGAnnotations.TC02AddToCartValidation@15ff3e9e]" started-at="2022-05-31T23:03:46 IST" name="setBrowser" finished-at="2022-05-31T23:03:58 IST" duration-ms="11547" status="PASS">
          <reporter-output>
          </reporter-output>
        </test-method> <!-- setBrowser -->
        <test-method is-config="true" signature="logineMethod()[pri:0, instance:SauceDemoTestNGAnnotations.TC02AddToCartValidation@15ff3e9e]" started-at="2022-05-31T23:03:58 IST" name="logineMethod" finished-at="2022-05-31T23:04:03 IST" duration-ms="5626" status="PASS">
          <reporter-output>
          </reporter-output>
        </test-method> <!-- logineMethod -->
        <test-method signature="addToCart()[pri:0, instance:SauceDemoTestNGAnnotations.TC02AddToCartValidation@15ff3e9e]" started-at="2022-05-31T23:04:03 IST" name="addToCart" finished-at="2022-05-31T23:04:04 IST" duration-ms="185" status="PASS">
          <reporter-output>
          </reporter-output>
        </test-method> <!-- addToCart -->
        <test-method is-config="true" signature="logout()[pri:0, instance:SauceDemoTestNGAnnotations.TC02AddToCartValidation@15ff3e9e]" started-at="2022-05-31T23:04:04 IST" name="logout" finished-at="2022-05-31T23:04:08 IST" duration-ms="4206" status="PASS">
          <reporter-output>
          </reporter-output>
        </test-method> <!-- logout -->
        <test-method is-config="true" signature="closeBrowser()[pri:0, instance:SauceDemoTestNGAnnotations.TC02AddToCartValidation@15ff3e9e]" started-at="2022-05-31T23:04:08 IST" name="closeBrowser" finished-at="2022-05-31T23:04:08 IST" duration-ms="204" status="PASS">
          <reporter-output>
          </reporter-output>
        </test-method> <!-- closeBrowser -->
      </class> <!-- SauceDemoTestNGAnnotations.TC02AddToCartValidation -->
    </test> <!-- Test -->
  </suite> <!-- Suite -->
</testng-results>
